Library/Bee/Android/Prj/Mono2x/Gradle/launcher/build/intermediates/manifest_merge_blame_file/release/manifest-merger-blame-release-report.txt
1<?xml version="1.0" encoding="utf-8"?>
2<manifest xmlns:android="http://schemas.android.com/apk/res/android"
3    package="com.RokasJanavicius.FallLine"
4    android:installLocation="preferExternal"
5    android:versionCode="1"
6    android:versionName="1.0.2" >
7
8    <uses-sdk
9        android:minSdkVersion="22"
9-->src/main/AndroidManifest.xml
10        android:targetSdkVersion="33" />
10-->src/main/AndroidManifest.xml
11
12    <supports-screens
12-->src/main/AndroidManifest.xml:4:3-163
13        android:anyDensity="true"
13-->src/main/AndroidManifest.xml:4:135-160
14        android:largeScreens="true"
14-->src/main/AndroidManifest.xml:4:78-105
15        android:normalScreens="true"
15-->src/main/AndroidManifest.xml:4:49-77
16        android:smallScreens="true"
16-->src/main/AndroidManifest.xml:4:21-48
17        android:xlargeScreens="true" />
17-->src/main/AndroidManifest.xml:4:106-134
18
19    <uses-permission android:name="android.permission.INTERNET" />
19-->[:unityLibrary] AndroidManifest.xml:10:5-67
19-->[:unityLibrary] AndroidManifest.xml:10:22-64
20    <uses-permission android:name="android.permission.ACCESS_NETWORK_STATE" />
20-->[:unityLibrary] AndroidManifest.xml:11:5-79
20-->[:unityLibrary] AndroidManifest.xml:11:22-76
21
22    <uses-feature android:glEsVersion="0x00030000" />
22-->[:unityLibrary] AndroidManifest.xml:13:5-54
22-->[:unityLibrary] AndroidManifest.xml:13:19-51
23    <uses-feature
23-->[:unityLibrary] AndroidManifest.xml:14:5-16:36
24        android:name="android.hardware.vulkan.version"
24-->[:unityLibrary] AndroidManifest.xml:15:9-55
25        android:required="false" />
25-->[:unityLibrary] AndroidManifest.xml:16:9-33
26    <uses-feature
26-->[:unityLibrary] AndroidManifest.xml:17:5-19:36
27        android:name="android.hardware.touchscreen"
27-->[:unityLibrary] AndroidManifest.xml:18:9-52
28        android:required="false" />
28-->[:unityLibrary] AndroidManifest.xml:19:9-33
29    <uses-feature
29-->[:unityLibrary] AndroidManifest.xml:20:5-22:36
30        android:name="android.hardware.touchscreen.multitouch"
30-->[:unityLibrary] AndroidManifest.xml:21:9-63
31        android:required="false" />
31-->[:unityLibrary] AndroidManifest.xml:22:9-33
32    <uses-feature
32-->[:unityLibrary] AndroidManifest.xml:23:5-25:36
33        android:name="android.hardware.touchscreen.multitouch.distinct"
33-->[:unityLibrary] AndroidManifest.xml:24:9-72
34        android:required="false" />
34-->[:unityLibrary] AndroidManifest.xml:25:9-33
35
36    <uses-permission android:name="android.permission.POST_NOTIFICATIONS" />
36-->[:unityLibrary] AndroidManifest.xml:27:5-77
36-->[:unityLibrary] AndroidManifest.xml:27:22-74
37
38    <application
38-->src/main/AndroidManifest.xml:3:3-126
39        android:extractNativeLibs="true"
39-->[:unityLibrary] AndroidManifest.xml:29:18-50
40        android:icon="@mipmap/app_icon"
40-->src/main/AndroidManifest.xml:3:49-80
41        android:label="@string/app_name"
41-->src/main/AndroidManifest.xml:3:16-48
42        android:roundIcon="@mipmap/app_icon_round" >
42-->src/main/AndroidManifest.xml:3:81-123
43        <meta-data
43-->[:unityLibrary] AndroidManifest.xml:30:9-32:33
44            android:name="unity.splash-mode"
44-->[:unityLibrary] AndroidManifest.xml:31:13-45
45            android:value="0" />
45-->[:unityLibrary] AndroidManifest.xml:32:13-30
46        <meta-data
46-->[:unityLibrary] AndroidManifest.xml:33:9-35:36
47            android:name="unity.splash-enable"
47-->[:unityLibrary] AndroidManifest.xml:34:13-47
48            android:value="True" />
48-->[:unityLibrary] AndroidManifest.xml:35:13-33
49        <meta-data
49-->[:unityLibrary] AndroidManifest.xml:36:9-38:36
50            android:name="unity.launch-fullscreen"
50-->[:unityLibrary] AndroidManifest.xml:37:13-51
51            android:value="True" />
51-->[:unityLibrary] AndroidManifest.xml:38:13-33
52        <meta-data
52-->[:unityLibrary] AndroidManifest.xml:39:9-41:37
53            android:name="unity.allow-resizable-window"
53-->[:unityLibrary] AndroidManifest.xml:40:13-56
54            android:value="False" />
54-->[:unityLibrary] AndroidManifest.xml:41:13-34
55        <meta-data
55-->[:unityLibrary] AndroidManifest.xml:42:9-44:50
56            android:name="notch.config"
56-->[:unityLibrary] AndroidManifest.xml:43:13-40
57            android:value="portrait|landscape" />
57-->[:unityLibrary] AndroidManifest.xml:44:13-47
58
59        <activity
59-->[:unityLibrary] AndroidManifest.xml:46:9-67:20
60            android:name="com.unity3d.player.UnityPlayerActivity"
60-->[:unityLibrary] AndroidManifest.xml:47:13-66
61            android:configChanges="mcc|mnc|locale|touchscreen|keyboard|keyboardHidden|navigation|orientation|screenLayout|uiMode|screenSize|smallestScreenSize|fontScale|layoutDirection|density"
61-->[:unityLibrary] AndroidManifest.xml:48:13-194
62            android:exported="true"
62-->[:unityLibrary] AndroidManifest.xml:49:13-36
63            android:hardwareAccelerated="false"
63-->[:unityLibrary] AndroidManifest.xml:50:13-48
64            android:launchMode="singleTask"
64-->[:unityLibrary] AndroidManifest.xml:51:13-44
65            android:resizeableActivity="false"
65-->[:unityLibrary] AndroidManifest.xml:52:13-47
66            android:screenOrientation="fullUser"
66-->[:unityLibrary] AndroidManifest.xml:53:13-49
67            android:theme="@style/UnityThemeSelector" >
67-->[:unityLibrary] AndroidManifest.xml:54:13-54
68            <intent-filter>
68-->[:unityLibrary] AndroidManifest.xml:55:13-59:29
69                <category android:name="android.intent.category.LAUNCHER" />
69-->[:unityLibrary] AndroidManifest.xml:56:17-77
69-->[:unityLibrary] AndroidManifest.xml:56:27-74
70
71                <action android:name="android.intent.action.MAIN" />
71-->[:unityLibrary] AndroidManifest.xml:58:17-69
71-->[:unityLibrary] AndroidManifest.xml:58:25-66
72            </intent-filter>
73
74            <meta-data
74-->[:unityLibrary] AndroidManifest.xml:61:13-63:40
75                android:name="unityplayer.UnityActivity"
75-->[:unityLibrary] AndroidManifest.xml:62:17-57
76                android:value="true" />
76-->[:unityLibrary] AndroidManifest.xml:63:17-37
77            <meta-data
77-->[:unityLibrary] AndroidManifest.xml:64:13-66:40
78                android:name="notch_support"
78-->[:unityLibrary] AndroidManifest.xml:65:17-45
79                android:value="true" />
79-->[:unityLibrary] AndroidManifest.xml:66:17-37
80        </activity>
81
82        <receiver
82-->[:unityLibrary] AndroidManifest.xml:69:9-71:40
83            android:name="com.unity.androidnotifications.UnityNotificationManager"
83-->[:unityLibrary] AndroidManifest.xml:70:13-83
84            android:exported="false" />
84-->[:unityLibrary] AndroidManifest.xml:71:13-37
85        <receiver
85-->[:unityLibrary] AndroidManifest.xml:72:9-79:20
86            android:name="com.unity.androidnotifications.UnityNotificationRestartOnBootReceiver"
86-->[:unityLibrary] AndroidManifest.xml:73:13-97
87            android:enabled="false"
87-->[:unityLibrary] AndroidManifest.xml:74:13-36
88            android:exported="false" >
88-->[:unityLibrary] AndroidManifest.xml:75:13-37
89            <intent-filter>
89-->[:unityLibrary] AndroidManifest.xml:76:13-78:29
90                <action android:name="android.intent.action.BOOT_COMPLETED" />
90-->[:unityLibrary] AndroidManifest.xml:77:17-79
90-->[:unityLibrary] AndroidManifest.xml:77:25-76
91            </intent-filter>
92        </receiver>
93
94        <meta-data
94-->[:unityLibrary] AndroidManifest.xml:81:9-83:33
95            android:name="com.unity.androidnotifications.exact_scheduling"
95-->[:unityLibrary] AndroidManifest.xml:82:13-75
96            android:value="0" />
96-->[:unityLibrary] AndroidManifest.xml:83:13-30
97    </application>
98
99</manifest>